[0.205s] Invoking command in '/home/wheeltec/wheeltec_ros2/build/nav2_common': CMAKE_PREFIX_PATH=${CMAKE_PREFIX_PATH}:/home/wheeltec/wheeltec_ros2/install/simple_follower_ros2:/home/wheeltec/wheeltec_ros2/install/wheeltec_robot_keyboard:/home/wheeltec/wheeltec_ros2/install/tf2_tools:/home/wheeltec/wheeltec_ros2/install/nav2_simple_commander:/home/wheeltec/wheeltec_ros2/install/nav2_gazebo_spawner:/opt/ros/galactic /usr/bin/cmake --build /home/wheeltec/wheeltec_ros2/build/nav2_common -- -j4 -l4
[0.542s] failed to create symbolic link '/home/wheeltec/wheeltec_ros2/build/nav2_common/ament_cmake_python/nav2_common/nav2_common' because existing path cannot be removed: Is a directory
[0.543s] make[2]: *** [CMakeFiles/ament_cmake_python_symlink_nav2_common.dir/build.make:57: CMakeFiles/ament_cmake_python_symlink_nav2_common] Error 1
[0.543s] make[1]: *** [CMakeFiles/Makefile2:133: CMakeFiles/ament_cmake_python_symlink_nav2_common.dir/all] Error 2
[0.544s] make: *** [Makefile:118: all] Error 2
[0.553s] Invoked command in '/home/wheeltec/wheeltec_ros2/build/nav2_common' returned '2': CMAKE_PREFIX_PATH=${CMAKE_PREFIX_PATH}:/home/wheeltec/wheeltec_ros2/install/simple_follower_ros2:/home/wheeltec/wheeltec_ros2/install/wheeltec_robot_keyboard:/home/wheeltec/wheeltec_ros2/install/tf2_tools:/home/wheeltec/wheeltec_ros2/install/nav2_simple_commander:/home/wheeltec/wheeltec_ros2/install/nav2_gazebo_spawner:/opt/ros/galactic /usr/bin/cmake --build /home/wheeltec/wheeltec_ros2/build/nav2_common -- -j4 -l4
