[  1%] Built target nav2_goal_checker_selector_bt_node
[  2%] Built target nav2_single_trigger_bt_node
[  3%] Built target nav2_transform_available_condition_bt_node
[  5%] Built target nav2_pipeline_sequence_bt_node
[  6%] Built target nav2_wait_action_bt_node
[  7%] Built target nav2_spin_action_bt_node
[  8%] Built target nav2_compute_path_through_poses_action_bt_node
[ 10%] Built target nav2_compute_path_to_pose_action_bt_node
[ 11%] Built target nav2_goal_updated_condition_bt_node
[ 12%] Built target nav2_is_stuck_condition_bt_node
[ 13%] Built target nav2_behavior_tree
[ 15%] Built target nav2_goal_updater_node_bt_node
[ 17%] Built target nav2_follow_path_action_bt_node
[ 19%] Built target nav2_goal_reached_condition_bt_node
[ 21%] Built target nav2_round_robin_node_bt_node
[ 23%] Built target nav2_navigate_through_poses_action_bt_node
[ 24%] Built target nav2_remove_passed_goals_action_bt_node
[ 25%] Built target nav2_initial_pose_received_condition_bt_node
[ 27%] Built target nav2_time_expired_condition_bt_node
[ 28%] Built target nav2_distance_traveled_condition_bt_node
[ 30%] Built target nav2_is_battery_low_condition_bt_node
[ 32%] Built target nav2_reinitialize_global_localization_service_bt_node
[ 34%] Built target nav2_rate_controller_bt_node
[ 36%] Built target nav2_distance_controller_bt_node
[ 38%] Built target nav2_clear_costmap_service_bt_node
[ 40%] Built target nav2_speed_controller_bt_node
[ 42%] Built target nav2_truncate_path_action_bt_node
[ 43%] Built target nav2_navigate_to_pose_action_bt_node
[ 45%] Built target nav2_back_up_action_bt_node
[ 46%] Built target nav2_recovery_node_bt_node
[ 47%] Built target gtest
[ 48%] Built target gtest_main
[ 49%] Built target nav2_planner_selector_bt_node
[ 51%] Built target test_condition_distance_traveled
[ 53%] Built target test_condition_time_expired
[ 55%] Built target test_condition_goal_updated
[ 56%] Built target test_condition_initial_pose_received
[35m[1mScanning dependencies of target test_condition_is_battery_low[0m
[ 57%] [32mBuilding CXX object test/plugins/condition/CMakeFiles/test_condition_is_battery_low.dir/test_is_battery_low.cpp.o[0m
[ 58%] [32m[1mLinking CXX executable test_condition_is_battery_low[0m
[ 58%] Built target test_condition_is_battery_low
[35m[1mScanning dependencies of target test_condition_transform_available[0m
[ 58%] [32mBuilding CXX object test/plugins/condition/CMakeFiles/test_condition_transform_available.dir/test_transform_available.cpp.o[0m
[ 59%] [32m[1mLinking CXX executable test_condition_transform_available[0m
[ 59%] Built target test_condition_transform_available
[ 59%] [32mBuilding CXX object test/plugins/condition/CMakeFiles/test_condition_is_stuck.dir/test_is_stuck.cpp.o[0m
[ 60%] [32m[1mLinking CXX executable test_condition_is_stuck[0m
[ 60%] Built target test_condition_is_stuck
[35m[1mScanning dependencies of target test_condition_goal_reached[0m
[ 60%] [32mBuilding CXX object test/plugins/condition/CMakeFiles/test_condition_goal_reached.dir/test_goal_reached.cpp.o[0m
[ 61%] [32m[1mLinking CXX executable test_condition_goal_reached[0m
[ 61%] Built target test_condition_goal_reached
[35m[1mScanning dependencies of target test_single_trigger_node[0m
[ 61%] [32mBuilding CXX object test/plugins/decorator/CMakeFiles/test_single_trigger_node.dir/test_single_trigger_node.cpp.o[0m
[ 62%] [32m[1mLinking CXX executable test_single_trigger_node[0m
[ 62%] Built target test_single_trigger_node
[35m[1mScanning dependencies of target test_goal_updater_node[0m
[ 63%] [32mBuilding CXX object test/plugins/decorator/CMakeFiles/test_goal_updater_node.dir/test_goal_updater_node.cpp.o[0m
[ 64%] [32m[1mLinking CXX executable test_goal_updater_node[0m
[ 64%] Built target test_goal_updater_node
[35m[1mScanning dependencies of target test_decorator_rate_controller[0m
[ 64%] [32mBuilding CXX object test/plugins/decorator/CMakeFiles/test_decorator_rate_controller.dir/test_rate_controller.cpp.o[0m
[ 65%] [32m[1mLinking CXX executable test_decorator_rate_controller[0m
[ 65%] Built target test_decorator_rate_controller
[35m[1mScanning dependencies of target test_decorator_speed_controller[0m
[ 66%] [32mBuilding CXX object test/plugins/decorator/CMakeFiles/test_decorator_speed_controller.dir/test_speed_controller.cpp.o[0m
[ 67%] [32m[1mLinking CXX executable test_decorator_speed_controller[0m
[ 67%] Built target test_decorator_speed_controller
[35m[1mScanning dependencies of target test_decorator_distance_controller[0m
[ 68%] [32mBuilding CXX object test/plugins/decorator/CMakeFiles/test_decorator_distance_controller.dir/test_distance_controller.cpp.o[0m
[ 69%] [32m[1mLinking CXX executable test_decorator_distance_controller[0m
[ 69%] Built target test_decorator_distance_controller
[35m[1mScanning dependencies of target test_control_round_robin_node[0m
[ 70%] [32mBuilding CXX object test/plugins/control/CMakeFiles/test_control_round_robin_node.dir/test_round_robin_node.cpp.o[0m
[ 71%] [32m[1mLinking CXX executable test_control_round_robin_node[0m
[ 71%] Built target test_control_round_robin_node
[35m[1mScanning dependencies of target test_control_pipeline_sequence[0m
[ 72%] [32mBuilding CXX object test/plugins/control/CMakeFiles/test_control_pipeline_sequence.dir/test_pipeline_sequence.cpp.o[0m
[ 73%] [32m[1mLinking CXX executable test_control_pipeline_sequence[0m
[ 73%] Built target test_control_pipeline_sequence
[35m[1mScanning dependencies of target test_control_recovery_node[0m
[ 73%] [32mBuilding CXX object test/plugins/control/CMakeFiles/test_control_recovery_node.dir/test_recovery_node.cpp.o[0m
[ 74%] [32m[1mLinking CXX executable test_control_recovery_node[0m
[ 74%] Built target test_control_recovery_node
[35m[1mScanning dependencies of target test_goal_checker_selector_node[0m
[ 74%] [32mBuilding CXX object test/plugins/action/CMakeFiles/test_goal_checker_selector_node.dir/test_goal_checker_selector_node.cpp.o[0m
[ 75%] [32m[1mLinking CXX executable test_goal_checker_selector_node[0m
[ 75%] Built target test_goal_checker_selector_node
[35m[1mScanning dependencies of target test_planner_selector_node[0m
[ 75%] [32mBuilding CXX object test/plugins/action/CMakeFiles/test_planner_selector_node.dir/test_planner_selector_node.cpp.o[0m
[ 76%] [32m[1mLinking CXX executable test_planner_selector_node[0m
[ 76%] Built target test_planner_selector_node
[35m[1mScanning dependencies of target test_action_spin_action[0m
[ 77%] [32mBuilding CXX object test/plugins/action/CMakeFiles/test_action_spin_action.dir/test_spin_action.cpp.o[0m
[ 78%] [32m[1mLinking CXX executable test_action_spin_action[0m
[ 78%] Built target test_action_spin_action
[35m[1mScanning dependencies of target test_bt_action_node[0m
[ 79%] [32mBuilding CXX object test/plugins/action/CMakeFiles/test_bt_action_node.dir/test_bt_action_node.cpp.o[0m
[35m[1mScanning dependencies of target test_action_back_up_action[0m
[ 80%] [32mBuilding CXX object test/plugins/action/CMakeFiles/test_action_back_up_action.dir/test_back_up_action.cpp.o[0m
[ 81%] Built target test_bt_conversions
[ 82%] Built target nav2_controller_selector_bt_node
[35m[1mScanning dependencies of target test_action_wait_action[0m
[35m[1mScanning dependencies of target test_action_clear_costmap_service[0m
[ 82%] [32mBuilding CXX object test/plugins/action/CMakeFiles/test_action_wait_action.dir/test_wait_action.cpp.o[0m
[ 82%] [32mBuilding CXX object test/plugins/action/CMakeFiles/test_action_clear_costmap_service.dir/test_clear_costmap_service.cpp.o[0m
[ 83%] [32m[1mLinking CXX executable test_bt_action_node[0m
[ 83%] Built target test_bt_action_node
[ 84%] [32m[1mLinking CXX executable test_action_clear_costmap_service[0m
[ 84%] Built target test_action_clear_costmap_service
[ 85%] [32m[1mLinking CXX executable test_action_wait_action[0m
[ 86%] [32m[1mLinking CXX executable test_action_back_up_action[0m
[ 86%] Built target test_action_wait_action
[ 86%] Built target test_action_back_up_action
[35m[1mScanning dependencies of target test_action_compute_path_through_poses_action[0m
[ 87%] [32mBuilding CXX object test/plugins/action/CMakeFiles/test_action_compute_path_through_poses_action.dir/test_compute_path_through_poses_action.cpp.o[0m
make[2]: *** [test/plugins/action/CMakeFiles/test_action_compute_path_through_poses_action.dir/build.make:63: test/plugins/action/CMakeFiles/test_action_compute_path_through_poses_action.dir/test_compute_path_through_poses_action.cpp.o] Interrupt
make[1]: *** [CMakeFiles/Makefile2:2076: test/plugins/action/CMakeFiles/test_action_compute_path_through_poses_action.dir/all] Interrupt
make: *** [Makefile:141: all] Interrupt
