[  1%] Built target nav2_planner_selector_bt_node
[  2%] Built target nav2_controller_selector_bt_node
[  3%] Built target nav2_goal_checker_selector_bt_node
[  4%] Built target nav2_single_trigger_bt_node
[  6%] Built target nav2_pipeline_sequence_bt_node
[  7%] Built target nav2_transform_available_condition_bt_node
[  8%] Built target nav2_wait_action_bt_node
[  9%] Built target nav2_spin_action_bt_node
[ 10%] Built target nav2_compute_path_through_poses_action_bt_node
[ 12%] Built target nav2_compute_path_to_pose_action_bt_node
[ 13%] Built target nav2_goal_updated_condition_bt_node
[35m[1mScanning dependencies of target nav2_goal_updater_node_bt_node[0m
[35m[1mScanning dependencies of target nav2_follow_path_action_bt_node[0m
[ 14%] Built target nav2_is_stuck_condition_bt_node
[ 15%] Built target nav2_behavior_tree
[ 17%] Built target nav2_round_robin_node_bt_node
[ 18%] [32mBuilding CXX object CMakeFiles/nav2_goal_updater_node_bt_node.dir/plugins/decorator/goal_updater_node.cpp.o[0m
[ 19%] [32mBuilding CXX object CMakeFiles/nav2_follow_path_action_bt_node.dir/plugins/action/follow_path_action.cpp.o[0m
[ 21%] Built target nav2_goal_reached_condition_bt_node
[ 22%] Built target nav2_remove_passed_goals_action_bt_node
[ 24%] Built target nav2_navigate_through_poses_action_bt_node
[ 25%] [32mBuilding CXX object CMakeFiles/nav2_time_expired_condition_bt_node.dir/plugins/condition/time_expired_condition.cpp.o[0m
[ 26%] Built target nav2_initial_pose_received_condition_bt_node
[ 27%] [32mBuilding CXX object CMakeFiles/nav2_distance_traveled_condition_bt_node.dir/plugins/condition/distance_traveled_condition.cpp.o[0m
[ 28%] [32m[1mLinking CXX shared library libnav2_time_expired_condition_bt_node.so[0m
[ 28%] Built target nav2_time_expired_condition_bt_node
[ 28%] [32m[1mLinking CXX shared library libnav2_distance_traveled_condition_bt_node.so[0m
[ 28%] Built target nav2_distance_traveled_condition_bt_node
[ 29%] [32m[1mLinking CXX shared library libnav2_follow_path_action_bt_node.so[0m
[ 29%] Built target nav2_follow_path_action_bt_node
[ 30%] [32m[1mLinking CXX shared library libnav2_goal_updater_node_bt_node.so[0m
[ 30%] Built target nav2_goal_updater_node_bt_node
[35m[1mScanning dependencies of target nav2_rate_controller_bt_node[0m
[ 31%] [32mBuilding CXX object CMakeFiles/nav2_rate_controller_bt_node.dir/plugins/decorator/rate_controller.cpp.o[0m
[ 32%] [32m[1mLinking CXX shared library libnav2_rate_controller_bt_node.so[0m
[ 32%] Built target nav2_rate_controller_bt_node
[35m[1mScanning dependencies of target nav2_distance_controller_bt_node[0m
[ 33%] [32mBuilding CXX object CMakeFiles/nav2_distance_controller_bt_node.dir/plugins/decorator/distance_controller.cpp.o[0m
[ 34%] [32m[1mLinking CXX shared library libnav2_distance_controller_bt_node.so[0m
[ 34%] Built target nav2_distance_controller_bt_node
[35m[1mScanning dependencies of target nav2_clear_costmap_service_bt_node[0m
[ 35%] [32mBuilding CXX object CMakeFiles/nav2_clear_costmap_service_bt_node.dir/plugins/action/clear_costmap_service.cpp.o[0m
[35m[1mScanning dependencies of target nav2_speed_controller_bt_node[0m
[ 36%] [32mBuilding CXX object CMakeFiles/nav2_speed_controller_bt_node.dir/plugins/decorator/speed_controller.cpp.o[0m
[35m[1mScanning dependencies of target nav2_reinitialize_global_localization_service_bt_node[0m
[ 37%] [32mBuilding CXX object CMakeFiles/nav2_reinitialize_global_localization_service_bt_node.dir/plugins/action/reinitialize_global_localization_service.cpp.o[0m
[ 38%] [32m[1mLinking CXX shared library libnav2_clear_costmap_service_bt_node.so[0m
[35m[1mScanning dependencies of target nav2_is_battery_low_condition_bt_node[0m
[ 39%] [32mBuilding CXX object CMakeFiles/nav2_is_battery_low_condition_bt_node.dir/plugins/condition/is_battery_low_condition.cpp.o[0m
[ 39%] Built target nav2_clear_costmap_service_bt_node
[ 40%] [32m[1mLinking CXX shared library libnav2_reinitialize_global_localization_service_bt_node.so[0m
[ 41%] [32m[1mLinking CXX shared library libnav2_speed_controller_bt_node.so[0m
[ 41%] Built target nav2_reinitialize_global_localization_service_bt_node
[ 41%] Built target nav2_speed_controller_bt_node
[ 42%] [32m[1mLinking CXX shared library libnav2_is_battery_low_condition_bt_node.so[0m
[ 42%] Built target nav2_is_battery_low_condition_bt_node
[35m[1mScanning dependencies of target nav2_back_up_action_bt_node[0m
[ 43%] [32mBuilding CXX object CMakeFiles/nav2_back_up_action_bt_node.dir/plugins/action/back_up_action.cpp.o[0m
[35m[1mScanning dependencies of target nav2_recovery_node_bt_node[0m
[ 44%] [32mBuilding CXX object CMakeFiles/nav2_recovery_node_bt_node.dir/plugins/control/recovery_node.cpp.o[0m
[35m[1mScanning dependencies of target nav2_navigate_to_pose_action_bt_node[0m
[ 45%] [32mBuilding CXX object CMakeFiles/nav2_navigate_to_pose_action_bt_node.dir/plugins/action/navigate_to_pose_action.cpp.o[0m
[35m[1mScanning dependencies of target nav2_truncate_path_action_bt_node[0m
[ 46%] [32mBuilding CXX object CMakeFiles/nav2_truncate_path_action_bt_node.dir/plugins/action/truncate_path_action.cpp.o[0m
[ 46%] [32m[1mLinking CXX shared library libnav2_recovery_node_bt_node.so[0m
[ 46%] Built target nav2_recovery_node_bt_node
[ 47%] [32m[1mLinking CXX shared library libnav2_truncate_path_action_bt_node.so[0m
[ 47%] Built target nav2_truncate_path_action_bt_node
[ 48%] [32m[1mLinking CXX shared library libnav2_back_up_action_bt_node.so[0m
[ 48%] Built target nav2_back_up_action_bt_node
[ 48%] [32m[1mLinking CXX shared library libnav2_navigate_to_pose_action_bt_node.so[0m
[ 48%] Built target nav2_navigate_to_pose_action_bt_node
[35m[1mScanning dependencies of target gtest_main[0m
[ 49%] [32mBuilding CXX object gtest/CMakeFiles/gtest_main.dir/src/gtest_main.cc.o[0m
[ 49%] [32m[1mLinking CXX static library libgtest_main.a[0m
[ 49%] Built target gtest_main
[35m[1mScanning dependencies of target gtest[0m
[ 49%] [32mBuilding CXX object gtest/CMakeFiles/gtest.dir/src/gtest-all.cc.o[0m
[ 50%] [32m[1mLinking CXX static library libgtest.a[0m
[ 50%] Built target gtest
[35m[1mScanning dependencies of target test_bt_conversions[0m
[ 50%] [32mBuilding CXX object test/CMakeFiles/test_bt_conversions.dir/test_bt_conversions.cpp.o[0m
[ 51%] [32m[1mLinking CXX executable test_bt_conversions[0m
[ 51%] Built target test_bt_conversions
[35m[1mScanning dependencies of target test_condition_goal_updated[0m
[ 52%] [32mBuilding CXX object test/plugins/condition/CMakeFiles/test_condition_goal_updated.dir/test_goal_updated.cpp.o[0m
[35m[1mScanning dependencies of target test_condition_initial_pose_received[0m
[ 52%] [32mBuilding CXX object test/plugins/condition/CMakeFiles/test_condition_initial_pose_received.dir/test_initial_pose_received.cpp.o[0m
[35m[1mScanning dependencies of target test_condition_time_expired[0m
[35m[1mScanning dependencies of target test_condition_distance_traveled[0m
[ 53%] [32mBuilding CXX object test/plugins/condition/CMakeFiles/test_condition_time_expired.dir/test_time_expired.cpp.o[0m
[ 54%] [32mBuilding CXX object test/plugins/condition/CMakeFiles/test_condition_distance_traveled.dir/test_distance_traveled.cpp.o[0m
[ 55%] [32m[1mLinking CXX executable test_condition_goal_updated[0m
[ 55%] Built target test_condition_goal_updated
[ 58%] [32m[1mLinking CXX executable test_condition_distance_traveled[0m
[ 58%] [32m[1mLinking CXX executable test_condition_initial_pose_received[0m
[ 58%] [32m[1mLinking CXX executable test_condition_time_expired[0m
[ 58%] Built target test_condition_distance_traveled
[ 58%] Built target test_condition_time_expired
[ 58%] Built target test_condition_initial_pose_received
[35m[1mScanning dependencies of target test_condition_is_stuck[0m
[ 58%] [32mBuilding CXX object test/plugins/condition/CMakeFiles/test_condition_is_stuck.dir/test_is_stuck.cpp.o[0m
make[2]: *** [test/plugins/condition/CMakeFiles/test_condition_is_stuck.dir/build.make:63: test/plugins/condition/CMakeFiles/test_condition_is_stuck.dir/test_is_stuck.cpp.o] Interrupt
make[1]: *** [CMakeFiles/Makefile2:1497: test/plugins/condition/CMakeFiles/test_condition_is_stuck.dir/all] Interrupt
make: *** [Makefile:141: all] Interrupt
