[0.140s] Invoking command in '/home/wheeltec/wheeltec_ros2/build/nav2_behavior_tree': CMAKE_PREFIX_PATH=/home/wheeltec/wheeltec_ros2/install/nav2_util:/home/wheeltec/wheeltec_ros2/install/nav2_msgs:/home/wheeltec/wheeltec_ros2/install/nav2_common:/home/wheeltec/wheeltec_ros2/install/wheeltec_rrt_msg:/home/wheeltec/wheeltec_ros2/install/turn_on_wheeltec_robot:/home/wheeltec/wheeltec_ros2/install/wheeltec_robot_msg:/home/wheeltec/wheeltec_ros2/install/wheeltec_joy:/home/wheeltec/wheeltec_ros2/install/wheeltec_cartographer:/home/wheeltec/wheeltec_ros2/install/web_video_server:/home/wheeltec/wheeltec_ros2/install/usb_cam:/home/wheeltec/wheeltec_ros2/install/serial:/home/wheeltec/wheeltec_ros2/install/rplidar_ros2:/home/wheeltec/wheeltec_ros2/install/perception_pcl:/home/wheeltec/wheeltec_ros2/install/pcl_ros:/home/wheeltec/wheeltec_ros2/install/pcl_conversions:/home/wheeltec/wheeltec_ros2/install/openslam_gmapping:/home/wheeltec/wheeltec_ros2/install/nav_2d_utils:/home/wheeltec/wheeltec_ros2/install/dwb_msgs:/home/wheeltec/wheeltec_ros2/install/nav_2d_msgs:/home/wheeltec/wheeltec_ros2/install/nav2_voxel_grid:/home/wheeltec/wheeltec_ros2/install/nav2_lifecycle_manager:/home/wheeltec/wheeltec_ros2/install/nav2_amcl:/home/wheeltec/wheeltec_ros2/install/lsn10:/home/wheeltec/wheeltec_ros2/install/lsm10_v2:/home/wheeltec/wheeltec_ros2/install/lidar_ros2:/home/wheeltec/wheeltec_ros2/install/ldlidar_stl_ros2:/home/wheeltec/wheeltec_ros2/install/ldlidar_sl_ros2:/home/wheeltec/wheeltec_ros2/install/astra_msgs:/home/wheeltec/wheeltec_ros2/install/ar_track_alvar_msgs:/home/wheeltec/wheeltec_ros2/install/ackermann_msgs:/home/wheeltec/wheeltec_ros2/install/wheeltec_robot_keyboard:/home/wheeltec/wheeltec_ros2/install/tf2_tools:/home/wheeltec/wheeltec_ros2/install/nav2_gazebo_spawner:/opt/ros/galactic LD_LIBRARY_PATH=/home/wheeltec/wheeltec_ros2/install/nav2_util/lib:/home/wheeltec/wheeltec_ros2/install/nav2_msgs/lib:/home/wheeltec/wheeltec_ros2/install/wheeltec_rrt_msg/lib:/home/wheeltec/wheeltec_ros2/install/turn_on_wheeltec_robot/lib:/home/wheeltec/wheeltec_ros2/install/wheeltec_robot_msg/lib:/home/wheeltec/wheeltec_ros2/install/usb_cam/lib:/home/wheeltec/wheeltec_ros2/install/serial/lib:/home/wheeltec/wheeltec_ros2/install/pcl_ros/lib:/home/wheeltec/wheeltec_ros2/install/openslam_gmapping/lib:/home/wheeltec/wheeltec_ros2/install/nav_2d_utils/lib:/home/wheeltec/wheeltec_ros2/install/dwb_msgs/lib:/home/wheeltec/wheeltec_ros2/install/nav_2d_msgs/lib:/home/wheeltec/wheeltec_ros2/install/nav2_voxel_grid/lib:/home/wheeltec/wheeltec_ros2/install/nav2_lifecycle_manager/lib:/home/wheeltec/wheeltec_ros2/install/nav2_amcl/lib:/home/wheeltec/wheeltec_ros2/install/lsm10_v2/lib:/home/wheeltec/wheeltec_ros2/install/astra_msgs/lib:/home/wheeltec/wheeltec_ros2/install/ar_track_alvar_msgs/lib:/home/wheeltec/wheeltec_ros2/install/ackermann_msgs/lib:/usr/local/cuda-10.2/lib64:/opt/ros/galactic/opt/yaml_cpp_vendor/lib:/opt/ros/galactic/opt/rviz_ogre_vendor/lib:/opt/ros/galactic/lib/aarch64-linux-gnu:/opt/ros/galactic/lib:/usr/local/cuda-10.2/lib64 PYTHONPATH=/home/wheeltec/wheeltec_ros2/install/nav2_msgs/lib/python3.8/site-packages:/home/wheeltec/wheeltec_ros2/install/nav2_common/lib/python3.8/site-packages:/home/wheeltec/wheeltec_ros2/install/wheeltec_rrt_msg/lib/python3.8/site-packages:/home/wheeltec/wheeltec_ros2/install/turn_on_wheeltec_robot/lib/python3.8/site-packages:/home/wheeltec/wheeltec_ros2/install/wheeltec_robot_msg/lib/python3.8/site-packages:/home/wheeltec/wheeltec_ros2/install/wheeltec_robot_keyboard/lib/python3.8/site-packages:/home/wheeltec/wheeltec_ros2/install/tf2_tools/lib/python3.8/site-packages:/home/wheeltec/wheeltec_ros2/install/dwb_msgs/lib/python3.8/site-packages:/home/wheeltec/wheeltec_ros2/install/nav_2d_msgs/lib/python3.8/site-packages:/home/wheeltec/wheeltec_ros2/install/nav2_gazebo_spawner/lib/python3.8/site-packages:/home/wheeltec/wheeltec_ros2/install/lsm10_v2/lib/python3.8/site-packages:/home/wheeltec/wheeltec_ros2/install/astra_msgs/lib/python3.8/site-packages:/home/wheeltec/wheeltec_ros2/install/ar_track_alvar_msgs/lib/python3.8/site-packages:/home/wheeltec/wheeltec_ros2/install/ackermann_msgs/lib/python3.8/site-packages:/opt/ros/galactic/lib/python3.8/site-packages /usr/bin/cmake --build /home/wheeltec/wheeltec_ros2/build/nav2_behavior_tree -- -j4 -l4
[0.551s] [  1%] Built target nav2_planner_selector_bt_node
[0.579s] [  2%] Built target nav2_controller_selector_bt_node
[0.614s] [  3%] Built target nav2_goal_checker_selector_bt_node
[0.721s] [  4%] Built target nav2_single_trigger_bt_node
[0.830s] [  6%] Built target nav2_pipeline_sequence_bt_node
[0.848s] [  7%] Built target nav2_transform_available_condition_bt_node
[1.057s] [  8%] Built target nav2_wait_action_bt_node
[1.118s] [  9%] Built target nav2_spin_action_bt_node
[1.189s] [ 10%] Built target nav2_compute_path_through_poses_action_bt_node
[1.276s] [ 12%] Built target nav2_compute_path_to_pose_action_bt_node
[1.339s] [ 13%] Built target nav2_goal_updated_condition_bt_node
[1.366s] [35m[1mScanning dependencies of target nav2_goal_updater_node_bt_node[0m
[1.399s] [35m[1mScanning dependencies of target nav2_follow_path_action_bt_node[0m
[1.431s] [ 14%] Built target nav2_is_stuck_condition_bt_node
[1.485s] [ 15%] Built target nav2_behavior_tree
[1.614s] [ 17%] Built target nav2_round_robin_node_bt_node
[1.634s] [ 18%] [32mBuilding CXX object CMakeFiles/nav2_goal_updater_node_bt_node.dir/plugins/decorator/goal_updater_node.cpp.o[0m
[1.700s] [ 19%] [32mBuilding CXX object CMakeFiles/nav2_follow_path_action_bt_node.dir/plugins/action/follow_path_action.cpp.o[0m
[1.711s] [ 21%] Built target nav2_goal_reached_condition_bt_node
[1.981s] [ 22%] Built target nav2_remove_passed_goals_action_bt_node
[2.001s] [ 24%] Built target nav2_navigate_through_poses_action_bt_node
[2.234s] [ 25%] [32mBuilding CXX object CMakeFiles/nav2_time_expired_condition_bt_node.dir/plugins/condition/time_expired_condition.cpp.o[0m
[2.324s] [ 26%] Built target nav2_initial_pose_received_condition_bt_node
[2.674s] [ 27%] [32mBuilding CXX object CMakeFiles/nav2_distance_traveled_condition_bt_node.dir/plugins/condition/distance_traveled_condition.cpp.o[0m
[30.694s] [ 28%] [32m[1mLinking CXX shared library libnav2_time_expired_condition_bt_node.so[0m
[32.066s] [ 28%] Built target nav2_time_expired_condition_bt_node
[36.142s] [ 28%] [32m[1mLinking CXX shared library libnav2_distance_traveled_condition_bt_node.so[0m
[37.793s] [ 28%] Built target nav2_distance_traveled_condition_bt_node
[46.466s] [ 29%] [32m[1mLinking CXX shared library libnav2_follow_path_action_bt_node.so[0m
[47.643s] [ 29%] Built target nav2_follow_path_action_bt_node
[65.137s] [ 30%] [32m[1mLinking CXX shared library libnav2_goal_updater_node_bt_node.so[0m
[66.077s] [ 30%] Built target nav2_goal_updater_node_bt_node
[66.133s] [35m[1mScanning dependencies of target nav2_rate_controller_bt_node[0m
[66.212s] [ 31%] [32mBuilding CXX object CMakeFiles/nav2_rate_controller_bt_node.dir/plugins/decorator/rate_controller.cpp.o[0m
[75.266s] [ 32%] [32m[1mLinking CXX shared library libnav2_rate_controller_bt_node.so[0m
[75.754s] [ 32%] Built target nav2_rate_controller_bt_node
[75.811s] [35m[1mScanning dependencies of target nav2_distance_controller_bt_node[0m
[76.058s] [ 33%] [32mBuilding CXX object CMakeFiles/nav2_distance_controller_bt_node.dir/plugins/decorator/distance_controller.cpp.o[0m
[97.787s] [ 34%] [32m[1mLinking CXX shared library libnav2_distance_controller_bt_node.so[0m
[98.642s] [ 34%] Built target nav2_distance_controller_bt_node
[98.693s] [35m[1mScanning dependencies of target nav2_clear_costmap_service_bt_node[0m
[98.895s] [ 35%] [32mBuilding CXX object CMakeFiles/nav2_clear_costmap_service_bt_node.dir/plugins/action/clear_costmap_service.cpp.o[0m
[127.994s] [35m[1mScanning dependencies of target nav2_speed_controller_bt_node[0m
[128.469s] [ 36%] [32mBuilding CXX object CMakeFiles/nav2_speed_controller_bt_node.dir/plugins/decorator/speed_controller.cpp.o[0m
[129.436s] [35m[1mScanning dependencies of target nav2_reinitialize_global_localization_service_bt_node[0m
[129.714s] [ 37%] [32mBuilding CXX object CMakeFiles/nav2_reinitialize_global_localization_service_bt_node.dir/plugins/action/reinitialize_global_localization_service.cpp.o[0m
[131.203s] [ 38%] [32m[1mLinking CXX shared library libnav2_clear_costmap_service_bt_node.so[0m
[131.721s] [35m[1mScanning dependencies of target nav2_is_battery_low_condition_bt_node[0m
[132.121s] [ 39%] [32mBuilding CXX object CMakeFiles/nav2_is_battery_low_condition_bt_node.dir/plugins/condition/is_battery_low_condition.cpp.o[0m
[133.152s] [ 39%] Built target nav2_clear_costmap_service_bt_node
[160.844s] [ 40%] [32m[1mLinking CXX shared library libnav2_reinitialize_global_localization_service_bt_node.so[0m
[161.077s] [ 41%] [32m[1mLinking CXX shared library libnav2_speed_controller_bt_node.so[0m
[162.796s] [ 41%] Built target nav2_reinitialize_global_localization_service_bt_node
[162.803s] [ 41%] Built target nav2_speed_controller_bt_node
[184.310s] [ 42%] [32m[1mLinking CXX shared library libnav2_is_battery_low_condition_bt_node.so[0m
[185.152s] [ 42%] Built target nav2_is_battery_low_condition_bt_node
[185.207s] [35m[1mScanning dependencies of target nav2_back_up_action_bt_node[0m
[185.708s] [ 43%] [32mBuilding CXX object CMakeFiles/nav2_back_up_action_bt_node.dir/plugins/action/back_up_action.cpp.o[0m
[187.685s] [35m[1mScanning dependencies of target nav2_recovery_node_bt_node[0m
[187.755s] [ 44%] [32mBuilding CXX object CMakeFiles/nav2_recovery_node_bt_node.dir/plugins/control/recovery_node.cpp.o[0m
[189.853s] [35m[1mScanning dependencies of target nav2_navigate_to_pose_action_bt_node[0m
[190.322s] [ 45%] [32mBuilding CXX object CMakeFiles/nav2_navigate_to_pose_action_bt_node.dir/plugins/action/navigate_to_pose_action.cpp.o[0m
[192.298s] [35m[1mScanning dependencies of target nav2_truncate_path_action_bt_node[0m
[192.706s] [ 46%] [32mBuilding CXX object CMakeFiles/nav2_truncate_path_action_bt_node.dir/plugins/action/truncate_path_action.cpp.o[0m
[200.026s] [ 46%] [32m[1mLinking CXX shared library libnav2_recovery_node_bt_node.so[0m
[200.982s] [ 46%] Built target nav2_recovery_node_bt_node
[218.852s] [ 47%] [32m[1mLinking CXX shared library libnav2_truncate_path_action_bt_node.so[0m
[219.705s] [ 47%] Built target nav2_truncate_path_action_bt_node
[220.116s] [ 48%] [32m[1mLinking CXX shared library libnav2_back_up_action_bt_node.so[0m
[221.006s] [ 48%] Built target nav2_back_up_action_bt_node
[222.974s] [ 48%] [32m[1mLinking CXX shared library libnav2_navigate_to_pose_action_bt_node.so[0m
[223.824s] [ 48%] Built target nav2_navigate_to_pose_action_bt_node
[223.873s] [35m[1mScanning dependencies of target gtest_main[0m
[223.960s] [ 49%] [32mBuilding CXX object gtest/CMakeFiles/gtest_main.dir/src/gtest_main.cc.o[0m
[228.902s] [ 49%] [32m[1mLinking CXX static library libgtest_main.a[0m
[229.051s] [ 49%] Built target gtest_main
[229.098s] [35m[1mScanning dependencies of target gtest[0m
[229.178s] [ 49%] [32mBuilding CXX object gtest/CMakeFiles/gtest.dir/src/gtest-all.cc.o[0m
[267.285s] [ 50%] [32m[1mLinking CXX static library libgtest.a[0m
[267.626s] [ 50%] Built target gtest
[267.778s] [35m[1mScanning dependencies of target test_bt_conversions[0m
[268.040s] [ 50%] [32mBuilding CXX object test/CMakeFiles/test_bt_conversions.dir/test_bt_conversions.cpp.o[0m
[290.953s] [ 51%] [32m[1mLinking CXX executable test_bt_conversions[0m
[292.132s] [ 51%] Built target test_bt_conversions
[292.205s] [35m[1mScanning dependencies of target test_condition_goal_updated[0m
[292.488s] [ 52%] [32mBuilding CXX object test/plugins/condition/CMakeFiles/test_condition_goal_updated.dir/test_goal_updated.cpp.o[0m
[313.551s] [35m[1mScanning dependencies of target test_condition_initial_pose_received[0m
[314.031s] [ 52%] [32mBuilding CXX object test/plugins/condition/CMakeFiles/test_condition_initial_pose_received.dir/test_initial_pose_received.cpp.o[0m
[314.948s] [35m[1mScanning dependencies of target test_condition_time_expired[0m
[315.393s] [35m[1mScanning dependencies of target test_condition_distance_traveled[0m
[315.425s] [ 53%] [32mBuilding CXX object test/plugins/condition/CMakeFiles/test_condition_time_expired.dir/test_time_expired.cpp.o[0m
[315.947s] [ 54%] [32mBuilding CXX object test/plugins/condition/CMakeFiles/test_condition_distance_traveled.dir/test_distance_traveled.cpp.o[0m
[351.833s] [ 55%] [32m[1mLinking CXX executable test_condition_goal_updated[0m
[355.273s] [ 55%] Built target test_condition_goal_updated
[385.450s] [ 58%] [32m[1mLinking CXX executable test_condition_distance_traveled[0m
[385.452s] [ 58%] [32m[1mLinking CXX executable test_condition_initial_pose_received[0m
[385.452s] [ 58%] [32m[1mLinking CXX executable test_condition_time_expired[0m
[387.676s] [ 58%] Built target test_condition_distance_traveled
[387.710s] [ 58%] Built target test_condition_time_expired
[387.821s] [ 58%] Built target test_condition_initial_pose_received
[387.891s] [35m[1mScanning dependencies of target test_condition_is_stuck[0m
[388.681s] [ 58%] [32mBuilding CXX object test/plugins/condition/CMakeFiles/test_condition_is_stuck.dir/test_is_stuck.cpp.o[0m
[405.329s] make[2]: *** [test/plugins/condition/CMakeFiles/test_condition_is_stuck.dir/build.make:63: test/plugins/condition/CMakeFiles/test_condition_is_stuck.dir/test_is_stuck.cpp.o] Interrupt
[405.330s] make[1]: *** [CMakeFiles/Makefile2:1497: test/plugins/condition/CMakeFiles/test_condition_is_stuck.dir/all] Interrupt
[405.349s] make: *** [Makefile:141: all] Interrupt
