-- The C compiler identification is GNU 9.4.0
-- The CXX compiler identification is GNU 9.4.0
-- Check for working C compiler: /usr/bin/cc
-- Check for working C compiler: /usr/bin/cc -- works
-- Detecting C compiler ABI info
-- Detecting C compiler ABI info - done
-- Detecting C compile features
-- Detecting C compile features - done
-- Check for working CXX compiler: /usr/bin/c++
-- Check for working CXX compiler: /usr/bin/c++ -- works
-- Detecting CXX compiler ABI info
-- Detecting CXX compiler ABI info - done
-- Detecting CXX compile features
-- Detecting CXX compile features - done
-- Found ament_cmake: 1.1.5 (/opt/ros/galactic/share/ament_cmake/cmake)
-- Found PythonInterp: /usr/bin/python3 (found suitable version "3.8.10", minimum required is "3") 
-- Using PYTHON_EXECUTABLE: /usr/bin/python3
-- Found ament_cmake_auto: 1.1.5 (/opt/ros/galactic/share/ament_cmake_auto/cmake)
-- Using all available rosidl_typesupport_c: rosidl_typesupport_fastrtps_c;rosidl_typesupport_introspection_c
-- Found rosidl_adapter: 2.2.2 (/opt/ros/galactic/share/rosidl_adapter/cmake)
-- Found OpenSSL: /usr/lib/aarch64-linux-gnu/libcrypto.so (found version "1.1.1f")  
-- Found FastRTPS: /opt/ros/galactic/include  
-- Using all available rosidl_typesupport_cpp: rosidl_typesupport_fastrtps_cpp;rosidl_typesupport_introspection_cpp
-- Found rmw_implementation_cmake: 3.3.1 (/opt/ros/galactic/share/rmw_implementation_cmake/cmake)
-- Found rmw_cyclonedds_cpp: 0.22.5 (/opt/ros/galactic/share/rmw_cyclonedds_cpp/cmake)
-- Using RMW implementation 'rmw_cyclonedds_cpp' as default
-- Looking for pthread.h
-- Looking for pthread.h - found
-- Performing Test CMAKE_HAVE_LIBC_PTHREAD
-- Performing Test CMAKE_HAVE_LIBC_PTHREAD - Failed
-- Looking for pthread_create in pthreads
-- Looking for pthread_create in pthreads - not found
-- Looking for pthread_create in pthread
-- Looking for pthread_create in pthread - found
-- Found Threads: TRUE  
-- library: /usr/lib/aarch64-linux-gnu/libcurl.so
-- Found eigen3_cmake_module: 0.1.1 (/opt/ros/galactic/share/eigen3_cmake_module/cmake)
-- Found Eigen3: TRUE (found version "3.3.7") 
-- Found OpenCV: /usr (found version "4.2.0") 
-- Checking for module 'eigen3'
--   Found eigen3, version 3.3.7
-- Found Eigen: /usr/include/eigen3 (Required is at least version "3.1") 
-- Eigen found (include: /usr/include/eigen3, version: 3.3.7)
-- Checking for module 'libusb-1.0'
--   Found libusb-1.0, version 1.0.23
-- Found USB_10: /usr/lib/aarch64-linux-gnu/libusb-1.0.so  
-- OpenNI found (include: /usr/include/ni, lib: /usr/lib/libOpenNI.so)
-- OpenNI2 found (include: /usr/include/openni2, lib: /usr/lib/libOpenNI2.so)
-- The imported target "vtkParseOGLExt" references the file
   "/usr/bin/vtkParseOGLExt-7.1"
but this file does not exist.  Possible reasons include:
* The file was deleted, renamed, or moved to another location.
* An install or uninstall procedure did not complete successfully.
* The installation package was faulty and contained
   "/usr/lib/cmake/vtk-7.1/VTKTargets.cmake"
but not all the files it references.

-- The imported target "vtkRenderingPythonTkWidgets" references the file
   "/usr/lib/aarch64-linux-gnu/libvtkRenderingPythonTkWidgets.so"
but this file does not exist.  Possible reasons include:
* The file was deleted, renamed, or moved to another location.
* An install or uninstall procedure did not complete successfully.
* The installation package was faulty and contained
   "/usr/lib/cmake/vtk-7.1/VTKTargets.cmake"
but not all the files it references.

-- The imported target "vtk" references the file
   "/usr/bin/vtk"
but this file does not exist.  Possible reasons include:
* The file was deleted, renamed, or moved to another location.
* An install or uninstall procedure did not complete successfully.
* The installation package was faulty and contained
   "/usr/lib/cmake/vtk-7.1/VTKTargets.cmake"
but not all the files it references.

-- The imported target "pvtk" references the file
   "/usr/bin/pvtk"
but this file does not exist.  Possible reasons include:
* The file was deleted, renamed, or moved to another location.
* An install or uninstall procedure did not complete successfully.
* The installation package was faulty and contained
   "/usr/lib/cmake/vtk-7.1/VTKTargets.cmake"
but not all the files it references.

-- Found libusb-1.0: /usr/include  
-- Found PCL_COMMON: /usr/lib/aarch64-linux-gnu/libpcl_common.so  
-- Found PCL_OCTREE: /usr/lib/aarch64-linux-gnu/libpcl_octree.so  
-- Found PCL_IO: /usr/lib/aarch64-linux-gnu/libpcl_io.so  
-- Checking for module 'flann'
--   Found flann, version 1.9.1
-- Found FLANN: /usr/lib/aarch64-linux-gnu/libflann_cpp.so  
-- OpenNI found (include: /usr/include/ni, lib: /usr/lib/libOpenNI.so)
-- OpenNI2 found (include: /usr/include/openni2, lib: /usr/lib/libOpenNI2.so)
-- Found Qhull: optimized;/usr/lib/aarch64-linux-gnu/libqhull.so;debug;/usr/lib/aarch64-linux-gnu/libqhull.so  
-- QHULL found (include: /usr/include, lib: optimized;/usr/lib/aarch64-linux-gnu/libqhull.so;debug;/usr/lib/aarch64-linux-gnu/libqhull.so)
-- OpenNI found (include: /usr/include/ni, lib: /usr/lib/libOpenNI.so)
-- looking for PCL_KDTREE
-- Found PCL_KDTREE: /usr/lib/aarch64-linux-gnu/libpcl_kdtree.so  
-- looking for PCL_SEARCH
-- Found PCL_SEARCH: /usr/lib/aarch64-linux-gnu/libpcl_search.so  
-- looking for PCL_SAMPLE_CONSENSUS
-- Found PCL_SAMPLE_CONSENSUS: /usr/lib/aarch64-linux-gnu/libpcl_sample_consensus.so  
-- looking for PCL_FILTERS
-- Found PCL_FILTERS: /usr/lib/aarch64-linux-gnu/libpcl_filters.so  
-- looking for PCL_2D
-- Found PCL_2D: /usr/include/pcl-1.10  
-- looking for PCL_GEOMETRY
-- Found PCL_GEOMETRY: /usr/include/pcl-1.10  
-- looking for PCL_FEATURES
-- Found PCL_FEATURES: /usr/lib/aarch64-linux-gnu/libpcl_features.so  
-- looking for PCL_ML
-- Found PCL_ML: /usr/lib/aarch64-linux-gnu/libpcl_ml.so  
-- looking for PCL_SEGMENTATION
-- Found PCL_SEGMENTATION: /usr/lib/aarch64-linux-gnu/libpcl_segmentation.so  
-- looking for PCL_VISUALIZATION
-- Found PCL_VISUALIZATION: /usr/lib/aarch64-linux-gnu/libpcl_visualization.so  
-- looking for PCL_SURFACE
-- Found PCL_SURFACE: /usr/lib/aarch64-linux-gnu/libpcl_surface.so  
-- looking for PCL_REGISTRATION
-- Found PCL_REGISTRATION: /usr/lib/aarch64-linux-gnu/libpcl_registration.so  
-- looking for PCL_KEYPOINTS
-- Found PCL_KEYPOINTS: /usr/lib/aarch64-linux-gnu/libpcl_keypoints.so  
-- looking for PCL_TRACKING
-- Found PCL_TRACKING: /usr/lib/aarch64-linux-gnu/libpcl_tracking.so  
-- looking for PCL_RECOGNITION
-- Found PCL_RECOGNITION: /usr/lib/aarch64-linux-gnu/libpcl_recognition.so  
-- looking for PCL_STEREO
-- Found PCL_STEREO: /usr/lib/aarch64-linux-gnu/libpcl_stereo.so  
-- looking for PCL_APPS
-- Found PCL_APPS: /usr/lib/aarch64-linux-gnu/libpcl_apps.so  
-- looking for PCL_IN_HAND_SCANNER
-- Found PCL_IN_HAND_SCANNER: /usr/include/pcl-1.10  
-- looking for PCL_POINT_CLOUD_EDITOR
-- Found PCL_POINT_CLOUD_EDITOR: /usr/include/pcl-1.10  
-- looking for PCL_OUTOFCORE
-- Found PCL_OUTOFCORE: /usr/lib/aarch64-linux-gnu/libpcl_outofcore.so  
-- looking for PCL_PEOPLE
-- Found PCL_PEOPLE: /usr/lib/aarch64-linux-gnu/libpcl_people.so  
-- Found PCL: pcl_common;pcl_octree;pcl_io;pcl_kdtree;pcl_search;pcl_sample_consensus;pcl_filters;pcl_features;pcl_ml;pcl_segmentation;pcl_visualization;pcl_surface;pcl_registration;pcl_keypoints;pcl_tracking;pcl_recognition;pcl_stereo;pcl_apps;pcl_outofcore;pcl_people;/usr/lib/aarch64-linux-gnu/libboost_system.so;/usr/lib/aarch64-linux-gnu/libboost_filesystem.so;/usr/lib/aarch64-linux-gnu/libboost_date_time.so;/usr/lib/aarch64-linux-gnu/libboost_iostreams.so;/usr/lib/aarch64-linux-gnu/libboost_regex.so;optimized;/usr/lib/aarch64-linux-gnu/libqhull.so;debug;/usr/lib/aarch64-linux-gnu/libqhull.so;/usr/lib/libOpenNI.so;/usr/lib/libOpenNI2.so;vtkChartsCore;vtkCommonColor;vtkCommonCore;vtksys;vtkCommonDataModel;vtkCommonMath;vtkCommonMisc;vtkCommonSystem;vtkCommonTransforms;vtkCommonExecutionModel;vtkFiltersGeneral;vtkCommonComputationalGeometry;vtkFiltersCore;vtkInfovisCore;vtkFiltersExtraction;vtkFiltersStatistics;vtkImagingFourier;vtkImagingCore;vtkalglib;vtkRenderingContext2D;vtkRenderingCore;vtkFiltersGeometry;vtkFiltersSources;vtkRenderingFreeType;/usr/lib/aarch64-linux-gnu/libfreetype.so;/usr/lib/aarch64-linux-gnu/libz.so;vtkFiltersModeling;vtkImagingSources;vtkInteractionStyle;vtkInteractionWidgets;vtkFiltersHybrid;vtkImagingColor;vtkImagingGeneral;vtkImagingHybrid;vtkIOImage;vtkDICOMParser;vtkmetaio;/usr/lib/aarch64-linux-gnu/libjpeg.so;/usr/lib/aarch64-linux-gnu/libpng.so;/usr/lib/aarch64-linux-gnu/libtiff.so;vtkRenderingAnnotation;vtkRenderingVolume;vtkIOXML;vtkIOCore;vtkIOXMLParser;/usr/lib/aarch64-linux-gnu/libexpat.so;vtkIOGeometry;vtkIOLegacy;vtkIOPLY;vtkRenderingLOD;vtkViewsContext2D;vtkViewsCore;vtkRenderingContextOpenGL2;vtkRenderingOpenGL2;FLANN::FLANN  
-- Found tinyxml_vendor: 0.8.2 (/opt/ros/galactic/share/tinyxml_vendor/cmake)
-- Found ament_lint_auto: 0.10.7 (/opt/ros/galactic/share/ament_lint_auto/cmake)
-- Found python_cmake_module: 0.8.1 (/opt/ros/galactic/share/python_cmake_module/cmake)
-- Found PythonInterp: /usr/bin/python3 (found suitable version "3.8.10", minimum required is "3.5") 
-- Found PythonLibs: /usr/lib/aarch64-linux-gnu/libpython3.8.so (found suitable version "3.8.10", minimum required is "3.5") 
-- Using PYTHON_EXECUTABLE: /usr/bin/python3
-- Using PYTHON_INCLUDE_DIRS: /usr/include/python3.8
-- Using PYTHON_LIBRARIES: /usr/lib/aarch64-linux-gnu/libpython3.8.so
-- Found PythonExtra: .so  
-- Configuring done
-- Generating done
-- Build files have been written to: /home/wheeltec/wheeltec_ros2/build/ar_track_alvar
[35m[1mScanning dependencies of target ar_track_alvar[0m
[  2%] [32mBuilding CXX object CMakeFiles/ar_track_alvar.dir/src/Bitset.cpp.o[0m
[  4%] [32mBuilding CXX object CMakeFiles/ar_track_alvar.dir/src/CaptureDevice.cpp.o[0m
[  6%] [32mBuilding CXX object CMakeFiles/ar_track_alvar.dir/src/CaptureFactory.cpp.o[0m
[  8%] [32mBuilding CXX object CMakeFiles/ar_track_alvar.dir/src/CaptureFactory_unix.cpp.o[0m
[ 10%] [32mBuilding CXX object CMakeFiles/ar_track_alvar.dir/src/ConnectedComponents.cpp.o[0m
In file included from [01m[K/home/wheeltec/wheeltec_ros2/src/ar_track/ar_track_alvar/include/ar_track_alvar/Camera.h:45[m[K,
                 from [01m[K/home/wheeltec/wheeltec_ros2/src/ar_track/ar_track_alvar/include/ar_track_alvar/ConnectedComponents.h:36[m[K,
                 from [01m[K/home/wheeltec/wheeltec_ros2/src/ar_track/ar_track_alvar/src/ConnectedComponents.cpp:24[m[K:
[01m[K/opt/ros/galactic/include/resource_retriever/retriever.h:37:2:[m[K [01;35m[Kwarning: [m[K#warning Including header <resource_retriever/retriever.h> is deprecated, include <resource_retriever/retriever.hpp> instead. [[01;35m[K-Wcpp[m[K]
   37 | #[01;35m[Kwarning[m[K Including header <resource_retriever/retriever.h> is deprecated, \
      |  [01;35m[K^~~~~~~[m[K
[ 13%] [32mBuilding CXX object CMakeFiles/ar_track_alvar.dir/src/CvTestbed.cpp.o[0m
[ 15%] [32mBuilding CXX object CMakeFiles/ar_track_alvar.dir/src/DirectoryIterator.cpp.o[0m
[ 17%] [32mBuilding CXX object CMakeFiles/ar_track_alvar.dir/src/DirectoryIterator_unix.cpp.o[0m
[ 19%] [32mBuilding CXX object CMakeFiles/ar_track_alvar.dir/src/Draw.cpp.o[0m
In file included from [01m[K/home/wheeltec/wheeltec_ros2/src/ar_track/ar_track_alvar/include/ar_track_alvar/Camera.h:45[m[K,
                 from [01m[K/home/wheeltec/wheeltec_ros2/src/ar_track/ar_track_alvar/include/ar_track_alvar/Draw.h:36[m[K,
                 from [01m[K/home/wheeltec/wheeltec_ros2/src/ar_track/ar_track_alvar/src/Draw.cpp:24[m[K:
[01m[K/opt/ros/galactic/include/resource_retriever/retriever.h:37:2:[m[K [01;35m[Kwarning: [m[K#warning Including header <resource_retriever/retriever.h> is deprecated, include <resource_retriever/retriever.hpp> instead. [[01;35m[K-Wcpp[m[K]
   37 | #[01;35m[Kwarning[m[K Including header <resource_retriever/retriever.h> is deprecated, \
      |  [01;35m[K^~~~~~~[m[K
[ 21%] [32mBuilding CXX object CMakeFiles/ar_track_alvar.dir/src/FileFormatUtils.cpp.o[0m
[ 23%] [32mBuilding CXX object CMakeFiles/ar_track_alvar.dir/src/Filter.cpp.o[0m
[ 26%] [32mBuilding CXX object CMakeFiles/ar_track_alvar.dir/src/Kalman.cpp.o[0m
[ 28%] [32mBuilding CXX object CMakeFiles/ar_track_alvar.dir/src/Line.cpp.o[0m
[ 30%] [32mBuilding CXX object CMakeFiles/ar_track_alvar.dir/src/Marker.cpp.o[0m
In file included from [01m[K/home/wheeltec/wheeltec_ros2/src/ar_track/ar_track_alvar/include/ar_track_alvar/Camera.h:45[m[K,
                 from [01m[K/home/wheeltec/wheeltec_ros2/src/ar_track/ar_track_alvar/include/ar_track_alvar/Marker.h:38[m[K,
                 from [01m[K/home/wheeltec/wheeltec_ros2/src/ar_track/ar_track_alvar/src/Marker.cpp:25[m[K:
[01m[K/opt/ros/galactic/include/resource_retriever/retriever.h:37:2:[m[K [01;35m[Kwarning: [m[K#warning Including header <resource_retriever/retriever.h> is deprecated, include <resource_retriever/retriever.hpp> instead. [[01;35m[K-Wcpp[m[K]
   37 | #[01;35m[Kwarning[m[K Including header <resource_retriever/retriever.h> is deprecated, \
      |  [01;35m[K^~~~~~~[m[K
[ 32%] [32mBuilding CXX object CMakeFiles/ar_track_alvar.dir/src/MarkerDetector.cpp.o[0m
In file included from [01m[K/home/wheeltec/wheeltec_ros2/src/ar_track/ar_track_alvar/include/ar_track_alvar/Camera.h:45[m[K,
                 from [01m[K/home/wheeltec/wheeltec_ros2/src/ar_track/ar_track_alvar/include/ar_track_alvar/ConnectedComponents.h:36[m[K,
                 from [01m[K/home/wheeltec/wheeltec_ros2/src/ar_track/ar_track_alvar/include/ar_track_alvar/MarkerDetector.h:35[m[K,
                 from [01m[K/home/wheeltec/wheeltec_ros2/src/ar_track/ar_track_alvar/src/MarkerDetector.cpp:24[m[K:
[01m[K/opt/ros/galactic/include/resource_retriever/retriever.h:37:2:[m[K [01;35m[Kwarning: [m[K#warning Including header <resource_retriever/retriever.h> is deprecated, include <resource_retriever/retriever.hpp> instead. [[01;35m[K-Wcpp[m[K]
   37 | #[01;35m[Kwarning[m[K Including header <resource_retriever/retriever.h> is deprecated, \
      |  [01;35m[K^~~~~~~[m[K
[ 34%] [32mBuilding CXX object CMakeFiles/ar_track_alvar.dir/src/MultiMarker.cpp.o[0m
In file included from [01m[K/home/wheeltec/wheeltec_ros2/src/ar_track/ar_track_alvar/include/ar_track_alvar/Camera.h:45[m[K,
                 from [01m[K/home/wheeltec/wheeltec_ros2/src/ar_track/ar_track_alvar/include/ar_track_alvar/ConnectedComponents.h:36[m[K,
                 from [01m[K/home/wheeltec/wheeltec_ros2/src/ar_track/ar_track_alvar/include/ar_track_alvar/MarkerDetector.h:35[m[K,
                 from [01m[K/home/wheeltec/wheeltec_ros2/src/ar_track/ar_track_alvar/include/ar_track_alvar/MultiMarker.h:35[m[K,
                 from [01m[K/home/wheeltec/wheeltec_ros2/src/ar_track/ar_track_alvar/src/MultiMarker.cpp:25[m[K:
[01m[K/opt/ros/galactic/include/resource_retriever/retriever.h:37:2:[m[K [01;35m[Kwarning: [m[K#warning Including header <resource_retriever/retriever.h> is deprecated, include <resource_retriever/retriever.hpp> instead. [[01;35m[K-Wcpp[m[K]
   37 | #[01;35m[Kwarning[m[K Including header <resource_retriever/retriever.h> is deprecated, \
      |  [01;35m[K^~~~~~~[m[K
[ 36%] [32mBuilding CXX object CMakeFiles/ar_track_alvar.dir/src/MultiMarkerBundle.cpp.o[0m
In file included from [01m[K/home/wheeltec/wheeltec_ros2/src/ar_track/ar_track_alvar/include/ar_track_alvar/Camera.h:45[m[K,
                 from [01m[K/home/wheeltec/wheeltec_ros2/src/ar_track/ar_track_alvar/include/ar_track_alvar/ConnectedComponents.h:36[m[K,
                 from [01m[K/home/wheeltec/wheeltec_ros2/src/ar_track/ar_track_alvar/include/ar_track_alvar/MarkerDetector.h:35[m[K,
                 from [01m[K/home/wheeltec/wheeltec_ros2/src/ar_track/ar_track_alvar/include/ar_track_alvar/MultiMarker.h:35[m[K,
                 from [01m[K/home/wheeltec/wheeltec_ros2/src/ar_track/ar_track_alvar/include/ar_track_alvar/MultiMarkerBundle.h:34[m[K,
                 from [01m[K/home/wheeltec/wheeltec_ros2/src/ar_track/ar_track_alvar/src/MultiMarkerBundle.cpp:24[m[K:
[01m[K/opt/ros/galactic/include/resource_retriever/retriever.h:37:2:[m[K [01;35m[Kwarning: [m[K#warning Including header <resource_retriever/retriever.h> is deprecated, include <resource_retriever/retriever.hpp> instead. [[01;35m[K-Wcpp[m[K]
   37 | #[01;35m[Kwarning[m[K Including header <resource_retriever/retriever.h> is deprecated, \
      |  [01;35m[K^~~~~~~[m[K
[ 39%] [32mBuilding CXX object CMakeFiles/ar_track_alvar.dir/src/MultiMarkerInitializer.cpp.o[0m
[ 41%] [32mBuilding CXX object CMakeFiles/ar_track_alvar.dir/src/Camera.cpp.o[0m
In file included from [01m[K/home/wheeltec/wheeltec_ros2/src/ar_track/ar_track_alvar/include/ar_track_alvar/Camera.h:45[m[K,
                 from [01m[K/home/wheeltec/wheeltec_ros2/src/ar_track/ar_track_alvar/include/ar_track_alvar/ConnectedComponents.h:36[m[K,
                 from [01m[K/home/wheeltec/wheeltec_ros2/src/ar_track/ar_track_alvar/include/ar_track_alvar/MarkerDetector.h:35[m[K,
                 from [01m[K/home/wheeltec/wheeltec_ros2/src/ar_track/ar_track_alvar/include/ar_track_alvar/MultiMarker.h:35[m[K,
                 from [01m[K/home/wheeltec/wheeltec_ros2/src/ar_track/ar_track_alvar/include/ar_track_alvar/MultiMarkerInitializer.h:34[m[K,
                 from [01m[K/home/wheeltec/wheeltec_ros2/src/ar_track/ar_track_alvar/src/MultiMarkerInitializer.cpp:24[m[K:
[01m[K/opt/ros/galactic/include/resource_retriever/retriever.h:37:2:[m[K [01;35m[Kwarning: [m[K#warning Including header <resource_retriever/retriever.h> is deprecated, include <resource_retriever/retriever.hpp> instead. [[01;35m[K-Wcpp[m[K]
   37 | #[01;35m[Kwarning[m[K Including header <resource_retriever/retriever.h> is deprecated, \
      |  [01;35m[K^~~~~~~[m[K
In file included from [01m[K/home/wheeltec/wheeltec_ros2/src/ar_track/ar_track_alvar/include/ar_track_alvar/Camera.h:45[m[K,
                 from [01m[K/home/wheeltec/wheeltec_ros2/src/ar_track/ar_track_alvar/src/Camera.cpp:25[m[K:
[01m[K/opt/ros/galactic/include/resource_retriever/retriever.h:37:2:[m[K [01;35m[Kwarning: [m[K#warning Including header <resource_retriever/retriever.h> is deprecated, include <resource_retriever/retriever.hpp> instead. [[01;35m[K-Wcpp[m[K]
   37 | #[01;35m[Kwarning[m[K Including header <resource_retriever/retriever.h> is deprecated, \
      |  [01;35m[K^~~~~~~[m[K
[01m[Kc++:[m[K [01;31m[Kfatal error: [m[KKilled signal terminated program cc1plus
compilation terminated.
make[2]: *** [CMakeFiles/ar_track_alvar.dir/build.make:284: CMakeFiles/ar_track_alvar.dir/src/MultiMarkerBundle.cpp.o] Error 1
make[2]: *** Waiting for unfinished jobs....
make[1]: *** [CMakeFiles/Makefile2:94: CMakeFiles/ar_track_alvar.dir/all] Error 2
make: *** [Makefile:141: all] Error 2
